============================= test session starts ==============================
platform linux -- Python 3.11.15, pytest-9.1.1, pluggy-1.6.0 -- /home/logani/.hermes/hermes-agent/venv/bin/python3
cachedir: .pytest_cache
rootdir: /home/logani/projects/oprun-worktrees/v0.2-c6fix
plugins: anyio-4.12.1, xdist-3.8.0
collecting ... collected 138 items

tests/test_identity.py::test_a_substituted_model_parks_the_lane_and_names_both_strings[settle] PASSED [  0%]
tests/test_identity.py::test_a_substituted_model_parks_the_lane_and_names_both_strings[advance] PASSED [  1%]
tests/test_identity.py::test_a_respelled_pin_is_the_same_model_and_is_accepted[settle] PASSED [  2%]
tests/test_identity.py::test_a_respelled_pin_is_the_same_model_and_is_accepted[advance] PASSED [  2%]
tests/test_identity.py::test_a_pin_that_was_never_reported_is_not_accepted[settle] PASSED [  3%]
tests/test_identity.py::test_a_pin_that_was_never_reported_is_not_accepted[advance] PASSED [  4%]
tests/test_identity.py::test_no_model_designation_is_not_a_substitution[settle] PASSED [  5%]
tests/test_identity.py::test_no_model_designation_is_not_a_substitution[advance] PASSED [  5%]
tests/test_identity.py::test_two_spellings_of_one_cli_do_not_split_identity[settle] PASSED [  6%]
tests/test_identity.py::test_two_spellings_of_one_cli_do_not_split_identity[advance] PASSED [  7%]
tests/test_identity.py::test_a_provider_spelling_of_the_registered_cli_is_the_same_harness[settle] PASSED [  7%]
tests/test_identity.py::test_a_provider_spelling_of_the_registered_cli_is_the_same_harness[advance] PASSED [  8%]
tests/test_identity.py::test_a_different_harness_parks_the_lane[settle] PASSED [  9%]
tests/test_identity.py::test_a_different_harness_parks_the_lane[advance] PASSED [ 10%]
tests/test_identity.py::test_a_harness_that_was_never_reported_is_not_accepted[settle] PASSED [ 10%]
tests/test_identity.py::test_a_harness_that_was_never_reported_is_not_accepted[advance] PASSED [ 11%]
tests/test_identity.py::test_a_matching_identity_is_accepted_with_both_raw_strings_recorded[settle] PASSED [ 12%]
tests/test_identity.py::test_a_matching_identity_is_accepted_with_both_raw_strings_recorded[advance] PASSED [ 13%]
tests/test_identity.py::test_settle_never_invents_an_identity_when_there_is_no_sidecar PASSED [ 13%]
tests/test_identity.py::test_advance_never_accepts_a_lane_without_an_artifact PASSED [ 14%]
tests/test_identity.py::TestHarnessAliases::test_the_openai_codex_provider_spelling_resolves_to_the_codex_cli PASSED [ 15%]
tests/test_identity.py::TestHarnessAliases::test_the_provider_spelling_builds_the_codex_command_line_with_the_pin_on_it PASSED [ 15%]
tests/test_identity.py::TestHarnessAliases::test_an_unknown_harness_is_still_refused PASSED [ 16%]
tests/test_harnesses.py::TestRegistryShape::test_canonical_ids_are_exactly_the_expected_set PASSED [ 17%]
tests/test_harnesses.py::TestRegistryShape::test_registry_has_every_canonical_id_once_and_no_extras PASSED [ 18%]
tests/test_harnesses.py::TestRegistryShape::test_each_entry_is_keyed_by_its_own_id PASSED [ 18%]
tests/test_harnesses.py::TestRegistryShape::test_get_returns_the_keyed_entry PASSED [ 19%]
tests/test_harnesses.py::TestRegistryShape::test_entries_are_frozen PASSED [ 20%]
tests/test_harnesses.py::TestRegistryShape::test_every_entry_carries_a_label_binary_and_terminal_event PASSED [ 21%]
tests/test_harnesses.py::TestUnknownIds::test_get_unknown_id_raises_key_error PASSED [ 21%]
tests/test_harnesses.py::TestUnknownIds::test_lookup_helpers_refuse_unknown_ids PASSED [ 22%]
tests/test_harnesses.py::TestRoutability::test_claude_is_not_routable_unpinned PASSED [ 23%]
tests/test_harnesses.py::TestRoutability::test_claude_requires_a_model_pin PASSED [ 23%]
tests/test_harnesses.py::TestRoutability::test_claude_is_routable_once_a_pin_is_supplied PASSED [ 24%]
tests/test_harnesses.py::TestRoutability::test_blank_pin_does_not_count_as_a_pin PASSED [ 25%]
tests/test_harnesses.py::TestRoutability::test_every_other_harness_is_routable PASSED [ 26%]
tests/test_harnesses.py::TestRoutability::test_pinning_a_harness_that_does_not_need_one_stays_routable PASSED [ 26%]
tests/test_harnesses.py::TestWitnessStrength::test_opencode_witness_is_none PASSED [ 27%]
tests/test_harnesses.py::TestWitnessStrength::test_opencode_notes_name_the_dropped_terminator PASSED [ 28%]
tests/test_harnesses.py::TestWitnessStrength::test_claude_witness_is_none_unpinned_and_strong_when_pinned PASSED [ 28%]
tests/test_harnesses.py::TestWitnessStrength::test_claude_notes_warn_that_subtype_alone_is_a_trap PASSED [ 29%]
tests/test_harnesses.py::TestWitnessStrength::test_the_five_strong_witnesses_are_strong PASSED [ 30%]
tests/test_harnesses.py::TestRecipes::test_every_recipe_is_non_empty PASSED [ 31%]
tests/test_harnesses.py::TestRecipes::test_no_recipe_is_interactive_only PASSED [ 31%]
tests/test_harnesses.py::TestRecipes::test_cursor_agent_recipe_is_fully_unattended PASSED [ 32%]
tests/test_harnesses.py::TestRecipes::test_cursor_agent_notes_say_it_auto_routes_its_model PASSED [ 33%]
tests/test_harnesses.py::TestRecipes::test_codex_notes_name_the_missing_turn_cap_and_the_external_timeout PASSED [ 34%]
tests/test_harnesses.py::TestRecipes::test_codex_recipe_uses_exec_json_workspace_write PASSED [ 34%]
tests/test_harnesses.py::TestRecipes::test_droid_notes_make_the_exit_code_authoritative PASSED [ 35%]
tests/test_harnesses.py::TestRecipes::test_pi_binary_is_an_absolute_path_and_notes_say_not_on_path PASSED [ 36%]
tests/test_harnesses.py::TestRecipes::test_hermes_notes_need_the_real_home PASSED [ 36%]
tests/test_harnesses.py::TestRecipes::test_argv_for_prefixes_the_binary_and_appends_the_pin PASSED [ 37%]
tests/test_harnesses.py::TestRecipes::test_argv_for_refuses_an_unpinned_claude PASSED [ 38%]
tests/test_harnesses.py::TestTheModelPinReachesTheCommandLine::test_a_supplied_pin_is_passed_for_every_harness PASSED [ 39%]
tests/test_harnesses.py::TestTheModelPinReachesTheCommandLine::test_the_codex_pin_is_passed_ahead_of_the_brief PASSED [ 39%]
tests/test_harnesses.py::TestTheModelPinReachesTheCommandLine::test_pinning_never_rewrites_the_unattended_recipe PASSED [ 40%]
tests/test_harnesses.py::TestTheModelPinReachesTheCommandLine::test_a_blank_pin_counts_as_no_pin_and_is_not_passed PASSED [ 41%]
tests/test_harnesses.py::TestTheModelPinReachesTheCommandLine::test_requires_model_pin_still_means_only_claude_cannot_run_unpinned PASSED [ 42%]
tests/test_harnesses.py::TestTheModelPinReachesTheCommandLine::test_every_entry_names_the_flag_that_carries_a_pin PASSED [ 42%]
tests/test_harnesses.py::TestTheModelPinReachesTheCommandLine::test_a_harness_with_no_model_flag_refuses_the_pin_rather_than_dropping_it PASSED [ 43%]
tests/test_harnesses.py::TestCanonicalResolution::test_accepted_spellings_resolve_to_the_registry_id PASSED [ 44%]
tests/test_harnesses.py::TestCanonicalResolution::test_a_registry_id_resolves_to_itself PASSED [ 44%]
tests/test_harnesses.py::TestCanonicalResolution::test_an_unknown_id_is_a_hard_error PASSED [ 45%]
tests/test_harnesses.py::TestCanonicalResolution::test_the_alias_table_is_the_registrys_and_maps_only_to_real_ids PASSED [ 46%]
tests/test_launch.py::test_build_systemd_run_argv_is_a_detached_transient_user_unit PASSED [ 47%]
tests/test_launch.py::test_build_systemd_run_argv_pins_home_and_extra_env PASSED [ 47%]
tests/test_launch.py::test_build_systemd_run_argv_uses_no_shell_detach_shims PASSED [ 48%]
tests/test_launch.py::test_build_systemd_run_argv_rejects_empty_input PASSED [ 49%]
tests/test_launch.py::test_unit_status_reads_exact_keys_and_never_lies_about_an_unknown_unit PASSED [ 50%]
tests/test_launch.py::test_launch_refuses_a_missing_workdir_without_spawning_anything PASSED [ 50%]
tests/test_launch.py::test_launch_lands_a_real_unit_outside_the_session_scope PASSED [ 51%]
tests/test_launch.py::test_advance_accepts_a_lane_with_a_valid_sidecar_and_a_passing_test PASSED [ 52%]
tests/test_launch.py::test_advance_parks_a_lane_whose_controller_test_fails PASSED [ 52%]
tests/test_launch.py::test_advance_returns_within_a_bounded_wall_clock_with_no_evidence PASSED [ 53%]
tests/test_launch.py::test_advance_stops_at_the_breaker_and_never_retries_a_parked_lane PASSED [ 54%]
tests/test_launch.py::test_advance_never_accepts_a_sidecar_naming_a_superseded_dispatch PASSED [ 55%]
tests/test_launch.py::test_advance_never_accepts_an_old_attempts_sidecar PASSED [ 55%]
tests/test_launch.py::test_advance_never_accepts_a_sidecar_that_reports_failure PASSED [ 56%]
tests/test_launch.py::test_advance_parks_a_sidecar_with_a_mismatched_task_id PASSED [ 57%]
tests/test_launch.py::test_advance_returns_immediately_when_nothing_is_dispatched PASSED [ 57%]
tests/test_launch.py::test_advance_reports_stale_evidence_through_the_sidecar_reader PASSED [ 58%]
tests/test_launch.py::test_lane_verdict_is_the_documented_local_fallback PASSED [ 59%]
tests/test_launch.py::test_git_evidence_names_every_changed_path_exactly PASSED [ 60%]
tests/test_launch.py::test_git_evidence_records_missing_git_instead_of_guessing PASSED [ 60%]
tests/test_launch.py::test_cli_prints_lane_lines_and_a_json_summary PASSED [ 61%]
tests/test_launch.py::test_cli_reports_a_missing_ledger_without_crashing PASSED [ 62%]
tests/test_launch.py::test_cli_exits_zero_on_a_completed_run_even_when_a_lane_needs_review PASSED [ 63%]
tests/test_launch.py::test_module_has_no_unbounded_loop_and_no_model PASSED [ 63%]
tests/test_cli.py::test_help_lists_all_six_verbs PASSED                  [ 64%]
tests/test_cli.py::test_every_verb_has_its_own_help[init] PASSED         [ 65%]
tests/test_cli.py::test_every_verb_has_its_own_help[dispatch] PASSED     [ 65%]
tests/test_cli.py::test_every_verb_has_its_own_help[probe] PASSED        [ 66%]
tests/test_cli.py::test_every_verb_has_its_own_help[settle] PASSED       [ 67%]
tests/test_cli.py::test_every_verb_has_its_own_help[status] PASSED       [ 68%]
tests/test_cli.py::test_every_verb_has_its_own_help[approve] PASSED      [ 68%]
tests/test_cli.py::test_unknown_verb_is_non_zero_and_prints_no_traceback PASSED [ 69%]
tests/test_cli.py::test_missing_verb_is_non_zero_and_prints_no_traceback PASSED [ 70%]
tests/test_cli.py::test_unknown_lane_is_non_zero_and_prints_no_traceback PASSED [ 71%]
tests/test_cli.py::test_init_creates_a_parseable_ledger PASSED           [ 71%]
tests/test_cli.py::test_init_writes_nothing_outside_the_mission_dir PASSED [ 72%]
tests/test_cli.py::test_a_second_init_is_idempotent_and_keeps_lanes PASSED [ 73%]
tests/test_cli.py::test_init_does_not_require_a_git_repo PASSED          [ 73%]
tests/test_cli.py::test_verbs_refuse_a_missing_ledger PASSED             [ 74%]
tests/test_cli.py::test_ledger_flag_works_on_either_side_of_the_verb PASSED [ 75%]
tests/test_cli.py::test_default_ledger_is_found_from_the_repo_root PASSED [ 76%]
tests/test_cli.py::test_dispatch_refuses_a_lane_whose_dependency_is_not_complete PASSED [ 76%]
tests/test_cli.py::test_dispatch_refuses_an_unknown_harness PASSED       [ 77%]
tests/test_cli.py::test_dispatch_refuses_claude_without_a_model_pin PASSED [ 78%]
tests/test_cli.py::test_dispatch_requires_a_test_command_and_a_task PASSED [ 78%]
tests/test_cli.py::test_dispatch_brief_rendering_names_this_dispatch_sidecar PASSED [ 79%]
tests/test_cli.py::test_worker_argv_uses_the_registry_recipe_and_returns_the_brief PASSED [ 80%]
tests/test_cli.py::test_harness_aliases_resolve_to_the_registry_id PASSED [ 81%]
tests/test_cli.py::test_probe_prints_exactly_one_verdict_word_for_a_no_sidecar_lane PASSED [ 81%]
tests/test_cli.py::test_probe_json_carries_the_full_document PASSED      [ 82%]
tests/test_cli.py::test_probe_uses_the_probe_module_not_a_local_copy PASSED [ 83%]
tests/test_cli.py::test_status_json_round_trips_against_the_ledger_file PASSED [ 84%]
tests/test_cli.py::test_status_says_none_when_every_lane_is_completed PASSED [ 84%]
tests/test_cli.py::test_status_text_prints_lanes_counts_and_next_action PASSED [ 85%]
tests/test_cli.py::test_settle_needs_review_parks_the_lane_without_committing PASSED [ 86%]
tests/test_cli.py::test_settle_needs_review_requires_a_reason PASSED     [ 86%]
tests/test_cli.py::test_settle_accept_refuses_a_lane_that_is_not_in_flight PASSED [ 87%]
tests/test_cli.py::test_the_cli_contains_no_daemon_and_no_model_call PASSED [ 88%]
tests/test_cli.py::test_the_cli_never_shells_out_to_herdr_or_tmux PASSED [ 89%]
tests/test_cli.py::test_dispatch_uses_launch_launch_and_never_a_shell_background PASSED [ 89%]
tests/test_approvals.py::test_init_approve_grants_exactly_the_named_keys PASSED [ 90%]
tests/test_approvals.py::test_init_without_approve_grants_nothing_including_destructive PASSED [ 91%]
tests/test_approvals.py::test_init_approve_is_repeatable_and_comma_separated PASSED [ 92%]
tests/test_approvals.py::test_init_refuses_an_unknown_approval_key PASSED [ 92%]
tests/test_approvals.py::test_approve_records_at_by_and_can_revoke PASSED [ 93%]
tests/test_approvals.py::test_approve_refuses_an_unknown_key_and_changes_nothing PASSED [ 94%]
tests/test_approvals.py::test_granted_envelope_settles_commit_push_merge_without_any_prompt PASSED [ 94%]
tests/test_approvals.py::test_settle_commits_with_no_usable_identity_in_the_cli_environment PASSED [ 95%]
tests/test_approvals.py::test_accept_refuses_when_the_lane_test_is_red PASSED [ 96%]
tests/test_approvals.py::test_absent_envelope_asks_exactly_once_and_takes_no_for_an_answer PASSED [ 97%]
tests/test_approvals.py::test_a_push_grant_does_not_widen_to_force_tag_release_rewrite_delete_or_other_repo PASSED [ 97%]
tests/test_approvals.py::test_a_fresh_grant_authorises_the_widening PASSED [ 98%]
tests/test_approvals.py::test_destructive_is_never_defaultable_but_can_be_named_explicitly PASSED [ 99%]
tests/test_approvals.py::test_status_prints_the_active_envelope PASSED   [100%]

============================= 138 passed in 20.08s =============================
